[2025-02-21 07:17:06.810][1][debug][main] [source/server/server.cc:263] flushing stats
[2025-02-21 07:17:09.529][17][debug][conn_handler] [source/extensions/listener_managers/listener_manager/active_tcp_listener.cc:157] [Tags: "ConnectionId":"2"] new connection from 192.168.229.128:42262
[2025-02-21 07:17:09.530][17][debug][http] [source/common/http/conn_manager_impl.cc:355] [Tags: "ConnectionId":"2"] new stream
[2025-02-21 07:17:09.530][17][debug][http] [source/common/http/conn_manager_impl.cc:1089] [Tags: "ConnectionId":"2","StreamId":"8342435646198861111"] request headers complete (end_stream=true):
':authority', 'example.com'
':path', '/'
':method', 'GET'
'user-agent', 'curl/7.81.0'
'accept', '*/*'

[2025-02-21 07:17:09.530][17][debug][http] [source/common/http/conn_manager_impl.cc:1072] [Tags: "ConnectionId":"2","StreamId":"8342435646198861111"] request end stream
[2025-02-21 07:17:09.530][17][debug][connection] [./source/common/network/connection_impl.h:98] [C2] current connecting state: false
[2025-02-21 07:17:09.530][17][debug][router] [source/common/router/router.cc:478] [Tags: "ConnectionId":"2","StreamId":"8342435646198861111"] cluster 'backend_cluster' match for URL '/'
[2025-02-21 07:17:09.530][17][debug][router] [source/common/router/router.cc:690] [Tags: "ConnectionId":"2","StreamId":"8342435646198861111"] router decoding headers:
':authority', 'example.com'
':path', '/'
':method', 'GET'
':scheme', 'http'
'user-agent', 'curl/7.81.0'
'accept', '*/*'
'x-forwarded-proto', 'http'
'x-request-id', '41690c02-ae06-4c7a-9834-ce4e774b7e43'
'x-envoy-expected-rq-timeout-ms', '15000'

[2025-02-21 07:17:09.530][17][debug][pool] [source/common/http/conn_pool_base.cc:78] queueing stream due to no available connections (ready=0 busy=0 connecting=0)
[2025-02-21 07:17:09.530][17][debug][pool] [source/common/conn_pool/conn_pool_base.cc:291] trying to create new connection
[2025-02-21 07:17:09.530][17][debug][pool] [source/common/conn_pool/conn_pool_base.cc:145] creating a new connection (connecting=0)
[2025-02-21 07:17:09.530][17][debug][connection] [./source/common/network/connection_impl.h:98] [C3] current connecting state: true
[2025-02-21 07:17:09.530][17][debug][client] [source/common/http/codec_client.cc:57] [Tags: "ConnectionId":"3"] connecting
[2025-02-21 07:17:09.530][17][debug][connection] [source/common/network/connection_impl.cc:948] [C3] connecting to 192.168.229.128:8080
[2025-02-21 07:17:09.530][17][debug][connection] [source/common/network/connection_impl.cc:967] [C3] connection in progress
[2025-02-21 07:17:09.530][17][debug][connection] [source/common/network/connection_impl.cc:695] [C3] connected
[2025-02-21 07:17:09.530][17][debug][client] [source/common/http/codec_client.cc:88] [Tags: "ConnectionId":"3"] connected
[2025-02-21 07:17:09.530][17][debug][pool] [source/common/conn_pool/conn_pool_base.cc:328] [Tags: "ConnectionId":"3"] attaching to next stream
[2025-02-21 07:17:09.530][17][debug][pool] [source/common/conn_pool/conn_pool_base.cc:182] [Tags: "ConnectionId":"3"] creating stream
[2025-02-21 07:17:09.530][17][debug][router] [source/common/router/upstream_request.cc:562] [Tags: "ConnectionId":"2","StreamId":"8342435646198861111"] pool ready
[2025-02-21 07:17:09.530][17][debug][client] [source/common/http/codec_client.cc:141] [Tags: "ConnectionId":"3"] encode complete
[2025-02-21 07:17:09.539][17][debug][router] [source/common/router/router.cc:1437] [Tags: "ConnectionId":"2","StreamId":"8342435646198861111"] upstream headers complete: end_stream=false
[2025-02-21 07:17:09.539][17][debug][http] [source/common/http/conn_manager_impl.cc:1729] [Tags: "ConnectionId":"2","StreamId":"8342435646198861111"] encoding headers via codec (end_stream=false):
':status', '200'
'x-powered-by', 'Express'
'content-type', 'text/html; charset=utf-8'
'content-length', '23'
'etag', 'W/"17-jVx8/vytMn/eV7zwOjmAdZZ0HeY"'
'date', 'Fri, 21 Feb 2025 07:17:09 GMT'
'x-envoy-upstream-service-time', '9'
'server', 'envoy'

[2025-02-21 07:17:09.539][17][debug][client] [source/common/http/codec_client.cc:128] [Tags: "ConnectionId":"3"] response complete
[2025-02-21 07:17:09.539][17][debug][http] [source/common/http/conn_manager_impl.cc:1834] [Tags: "ConnectionId":"2","StreamId":"8342435646198861111"] Codec completed encoding stream.
[2025-02-21 07:17:09.539][17][debug][pool] [source/common/http/http1/conn_pool.cc:53] [Tags: "ConnectionId":"3"] response complete
[2025-02-21 07:17:09.539][17][debug][pool] [source/common/conn_pool/conn_pool_base.cc:215] [Tags: "ConnectionId":"3"] destroying stream: 0 remaining
[2025-02-21 07:17:09.540][17][debug][connection] [source/common/network/connection_impl.cc:663] [Tags: "ConnectionId":"2"] remote close
[2025-02-21 07:17:09.540][17][debug][connection] [source/common/network/connection_impl.cc:250] [Tags: "ConnectionId":"2"] closing socket: 0
[2025-02-21 07:17:09.540][17][debug][conn_handler] [source/extensions/listener_managers/listener_manager/active_stream_listener_base.cc:121] [Tags: "ConnectionId":"2"] adding to cleanup list
[2025-02-21 07:17:11.810][1][debug][main] [source/server/server.cc:263] flushing stats
[2025-02-21 07:17:14.540][17][debug][connection] [source/common/network/connection_impl.cc:663] [Tags: "ConnectionId":"3"] remote close
[2025-02-21 07:17:14.540][17][debug][connection] [source/common/network/connection_impl.cc:250] [Tags: "ConnectionId":"3"] closing socket: 0
[2025-02-21 07:17:14.540][17][debug][client] [source/common/http/codec_client.cc:107] [Tags: "ConnectionId":"3"] disconnect. resetting 0 pending requests
[2025-02-21 07:17:14.540][17][debug][pool] [source/common/conn_pool/conn_pool_base.cc:484] [Tags: "ConnectionId":"3"] client disconnected, failure reason: 
[2025-02-21 07:17:14.540][17][debug][pool] [source/common/conn_pool/conn_pool_base.cc:454] invoking idle callbacks - is_draining_for_deletion_=false
[2025-02-21 07:17:16.812][1][debug][main] [source/server/server.cc:263] flushing stats
[2025-02-21 07:17:21.812][1][debug][main] [source/server/server.cc:263] flushing stats
[2025-02-21 07:17:26.813][1][debug][main] [source/server/server.cc:263] flushing stats
[2025-02-21 07:17:31.814][1][debug][main] [source/server/server.cc:263] flushing stats
[2025-02-21 07:17:37.776][1][debug][main] [source/server/server.cc:263] flushing stats
[2025-02-21 07:17:42.777][1][debug][main] [source/server/server.cc:263] flushing stats
[2025-02-21 07:17:47.779][1][debug][main] [source/server/server.cc:263] flushing stats
[2025-02-21 07:17:52.779][1][debug][main] [source/server/server.cc:263] flushing stats
[2025-02-21 07:17:57.780][1][debug][main] [source/server/server.cc:263] flushing stats
[2025-02-21 07:18:02.781][1][debug][main] [source/server/server.cc:263] flushing stats
[2025-02-21 07:18:06.427][17][debug][conn_handler] [source/extensions/listener_managers/listener_manager/active_tcp_listener.cc:157] [Tags: "ConnectionId":"4"] new connection from 192.168.229.128:50234
[2025-02-21 07:18:06.427][17][debug][http] [source/common/http/conn_manager_impl.cc:355] [Tags: "ConnectionId":"4"] new stream
[2025-02-21 07:18:06.427][17][debug][http] [source/common/http/conn_manager_impl.cc:1089] [Tags: "ConnectionId":"4","StreamId":"721578371210106821"] request headers complete (end_stream=true):
':authority', 'example.com'
':path', '/'
':method', 'GET'
'user-agent', 'curl/7.81.0'
'accept', '*/*'

[2025-02-21 07:18:06.427][17][debug][http] [source/common/http/conn_manager_impl.cc:1072] [Tags: "ConnectionId":"4","StreamId":"721578371210106821"] request end stream
[2025-02-21 07:18:06.427][17][debug][connection] [./source/common/network/connection_impl.h:98] [C4] current connecting state: false
[2025-02-21 07:18:06.427][17][debug][router] [source/common/router/router.cc:478] [Tags: "ConnectionId":"4","StreamId":"721578371210106821"] cluster 'backend_cluster' match for URL '/'
[2025-02-21 07:18:06.427][17][debug][router] [source/common/router/router.cc:690] [Tags: "ConnectionId":"4","StreamId":"721578371210106821"] router decoding headers:
':authority', 'example.com'
':path', '/'
':method', 'GET'
':scheme', 'http'
'user-agent', 'curl/7.81.0'
'accept', '*/*'
'x-forwarded-proto', 'http'
'x-request-id', '8e3a9bb0-3edd-4afa-bc95-2d0d6ca4050b'
'x-envoy-expected-rq-timeout-ms', '15000'

[2025-02-21 07:18:06.427][17][debug][pool] [source/common/http/conn_pool_base.cc:78] queueing stream due to no available connections (ready=0 busy=0 connecting=0)
[2025-02-21 07:18:06.427][17][debug][pool] [source/common/conn_pool/conn_pool_base.cc:291] trying to create new connection
[2025-02-21 07:18:06.427][17][debug][pool] [source/common/conn_pool/conn_pool_base.cc:145] creating a new connection (connecting=0)
[2025-02-21 07:18:06.427][17][debug][connection] [./source/common/network/connection_impl.h:98] [C5] current connecting state: true
[2025-02-21 07:18:06.427][17][debug][client] [source/common/http/codec_client.cc:57] [Tags: "ConnectionId":"5"] connecting
[2025-02-21 07:18:06.427][17][debug][connection] [source/common/network/connection_impl.cc:948] [C5] connecting to 192.168.229.128:8080
[2025-02-21 07:18:06.428][17][debug][connection] [source/common/network/connection_impl.cc:967] [C5] connection in progress
[2025-02-21 07:18:06.428][17][debug][connection] [source/common/network/connection_impl.cc:695] [C5] connected
[2025-02-21 07:18:06.428][17][debug][client] [source/common/http/codec_client.cc:88] [Tags: "ConnectionId":"5"] connected
[2025-02-21 07:18:06.428][17][debug][pool] [source/common/conn_pool/conn_pool_base.cc:328] [Tags: "ConnectionId":"5"] attaching to next stream
[2025-02-21 07:18:06.428][17][debug][pool] [source/common/conn_pool/conn_pool_base.cc:182] [Tags: "ConnectionId":"5"] creating stream
[2025-02-21 07:18:06.428][17][debug][router] [source/common/router/upstream_request.cc:562] [Tags: "ConnectionId":"4","StreamId":"721578371210106821"] pool ready
[2025-02-21 07:18:06.428][17][debug][client] [source/common/http/codec_client.cc:141] [Tags: "ConnectionId":"5"] encode complete
[2025-02-21 07:18:06.429][17][debug][router] [source/common/router/router.cc:1437] [Tags: "ConnectionId":"4","StreamId":"721578371210106821"] upstream headers complete: end_stream=false
[2025-02-21 07:18:06.429][17][debug][http] [source/common/http/conn_manager_impl.cc:1729] [Tags: "ConnectionId":"4","StreamId":"721578371210106821"] encoding headers via codec (end_stream=false):
':status', '200'
'x-powered-by', 'Express'
'content-type', 'text/html; charset=utf-8'
'content-length', '23'
'etag', 'W/"17-jVx8/vytMn/eV7zwOjmAdZZ0HeY"'
'date', 'Fri, 21 Feb 2025 07:18:06 GMT'
'x-envoy-upstream-service-time', '0'
'server', 'envoy'

[2025-02-21 07:18:06.429][17][debug][client] [source/common/http/codec_client.cc:128] [Tags: "ConnectionId":"5"] response complete
[2025-02-21 07:18:06.429][17][debug][http] [source/common/http/conn_manager_impl.cc:1834] [Tags: "ConnectionId":"4","StreamId":"721578371210106821"] Codec completed encoding stream.
[2025-02-21 07:18:06.429][17][debug][pool] [source/common/http/http1/conn_pool.cc:53] [Tags: "ConnectionId":"5"] response complete
[2025-02-21 07:18:06.429][17][debug][pool] [source/common/conn_pool/conn_pool_base.cc:215] [Tags: "ConnectionId":"5"] destroying stream: 0 remaining
[2025-02-21 07:18:06.429][17][debug][connection] [source/common/network/connection_impl.cc:663] [Tags: "ConnectionId":"4"] remote close
[2025-02-21 07:18:06.429][17][debug][connection] [source/common/network/connection_impl.cc:250] [Tags: "ConnectionId":"4"] closing socket: 0
[2025-02-21 07:18:06.429][17][debug][conn_handler] [source/extensions/listener_managers/listener_manager/active_stream_listener_base.cc:121] [Tags: "ConnectionId":"4"] adding to cleanup list
[2025-02-21 07:18:07.781][1][debug][main] [source/server/server.cc:263] flushing stats
[2025-02-21 07:18:12.996][17][debug][connection] [source/common/network/connection_impl.cc:663] [Tags: "ConnectionId":"5"] remote close
[2025-02-21 07:18:12.996][17][debug][connection] [source/common/network/connection_impl.cc:250] [Tags: "ConnectionId":"5"] closing socket: 0
[2025-02-21 07:18:12.996][17][debug][client] [source/common/http/codec_client.cc:107] [Tags: "ConnectionId":"5"] disconnect. resetting 0 pending requests
[2025-02-21 07:18:12.996][17][debug][pool] [source/common/conn_pool/conn_pool_base.cc:484] [Tags: "ConnectionId":"5"] client disconnected, failure reason: 
[2025-02-21 07:18:12.996][17][debug][pool] [source/common/conn_pool/conn_pool_base.cc:454] invoking idle callbacks - is_draining_for_deletion_=false
[2025-02-21 07:18:14.345][1][debug][main] [source/server/server.cc:263] flushing stats
[2025-02-21 07:18:19.346][1][debug][main] [source/server/server.cc:263] flushing stats
[2025-02-21 07:18:24.347][1][debug][main] [source/server/server.cc:263] flushing stats
[2025-02-21 07:18:29.349][1][debug][main] [source/server/server.cc:263] flushing stats
[2025-02-21 07:18:34.350][1][debug][main] [source/server/server.cc:263] flushing stats
[2025-02-21 07:18:39.352][1][debug][main] [source/server/server.cc:263] flushing stats
[2025-02-21 07:18:44.353][1][debug][main] [source/server/server.cc:263] flushing stats
[2025-02-21 07:18:49.354][1][debug][main] [source/server/server.cc:263] flushing stats
[2025-02-21 07:18:54.354][1][debug][main] [source/server/server.cc:263] flushing stats
[2025-02-21 07:19:00.628][1][debug][main] [source/server/server.cc:263] flushing stats
[2025-02-21 07:19:05.630][1][debug][main] [source/server/server.cc:263] flushing stats
[2025-02-21 07:19:10.631][1][debug][main] [source/server/server.cc:263] flushing stats
[2025-02-21 07:19:15.632][1][debug][main] [source/server/server.cc:263] flushing stats
[2025-02-21 07:19:20.634][1][debug][main] [source/server/server.cc:263] flushing stats
[2025-02-21 07:19:25.635][1][debug][main] [source/server/server.cc:263] flushing stats
[2025-02-21 07:19:30.636][1][debug][main] [source/server/server.cc:263] flushing stats
[2025-02-21 07:19:36.659][1][debug][main] [source/server/server.cc:263] flushing stats
[2025-02-21 07:19:41.660][1][debug][main] [source/server/server.cc:263] flushing stats
[2025-02-21 07:19:46.662][1][debug][main] [source/server/server.cc:263] flushing stats
[2025-02-21 07:19:51.664][1][debug][main] [source/server/server.cc:263] flushing stats
[2025-02-21 07:19:56.665][1][debug][main] [source/server/server.cc:263] flushing stats
[2025-02-21 07:20:01.666][1][debug][main] [source/server/server.cc:263] flushing stats
[2025-02-21 07:20:07.637][1][debug][main] [source/server/server.cc:263] flushing stats
[2025-02-21 07:20:12.638][1][debug][main] [source/server/server.cc:263] flushing stats
[2025-02-21 07:20:17.639][1][debug][main] [source/server/server.cc:263] flushing stats
[2025-02-21 07:20:22.640][1][debug][main] [source/server/server.cc:263] flushing stats
[2025-02-21 07:20:27.641][1][debug][main] [source/server/server.cc:263] flushing stats
[2025-02-21 07:20:32.643][1][debug][main] [source/server/server.cc:263] flushing stats
[2025-02-21 07:20:37.644][1][debug][main] [source/server/server.cc:263] flushing stats
[2025-02-21 07:20:43.645][1][debug][main] [source/server/server.cc:263] flushing stats
[2025-02-21 07:20:48.645][1][debug][main] [source/server/server.cc:263] flushing stats
[2025-02-21 07:20:53.646][1][debug][main] [source/server/server.cc:263] flushing stats
[2025-02-21 07:20:58.646][1][debug][main] [source/server/server.cc:263] flushing stats
[2025-02-21 07:21:03.648][1][debug][main] [source/server/server.cc:263] flushing stats
[2025-02-21 07:21:08.650][1][debug][main] [source/server/server.cc:263] flushing stats
[2025-02-21 07:21:14.636][1][debug][main] [source/server/server.cc:263] flushing stats
[2025-02-21 07:21:19.636][1][debug][main] [source/server/server.cc:263] flushing stats
[2025-02-21 07:21:24.638][1][debug][main] [source/server/server.cc:263] flushing stats
[2025-02-21 07:21:29.639][1][debug][main] [source/server/server.cc:263] flushing stats
[2025-02-21 07:21:34.641][1][debug][main] [source/server/server.cc:263] flushing stats
[2025-02-21 07:21:39.643][1][debug][main] [source/server/server.cc:263] flushing stats
[2025-02-21 07:21:44.644][1][debug][main] [source/server/server.cc:263] flushing stats
[2025-02-21 07:21:50.680][1][debug][main] [source/server/server.cc:263] flushing stats
[2025-02-21 07:21:55.682][1][debug][main] [source/server/server.cc:263] flushing stats
[2025-02-21 07:22:00.682][1][debug][main] [source/server/server.cc:263] flushing stats
[2025-02-21 07:22:05.682][1][debug][main] [source/server/server.cc:263] flushing stats
[2025-02-21 07:22:10.683][1][debug][main] [source/server/server.cc:263] flushing stats
[2025-02-21 07:22:15.685][1][debug][main] [source/server/server.cc:263] flushing stats
[2025-02-21 07:22:21.695][1][debug][main] [source/server/server.cc:263] flushing stats
[2025-02-21 07:22:26.697][1][debug][main] [source/server/server.cc:263] flushing stats
[2025-02-21 07:22:31.697][1][debug][main] [source/server/server.cc:263] flushing stats
[2025-02-21 07:22:36.698][1][debug][main] [source/server/server.cc:263] flushing stats
[2025-02-21 07:22:41.698][1][debug][main] [source/server/server.cc:263] flushing stats
[2025-02-21 07:22:46.698][1][debug][main] [source/server/server.cc:263] flushing stats
[2025-02-21 07:22:51.699][1][debug][main] [source/server/server.cc:263] flushing stats
[2025-02-21 07:22:57.788][1][debug][main] [source/server/server.cc:263] flushing stats
[2025-02-21 07:23:02.789][1][debug][main] [source/server/server.cc:263] flushing stats
[2025-02-21 07:23:07.789][1][debug][main] [source/server/server.cc:263] flushing stats
[2025-02-21 07:23:12.790][1][debug][main] [source/server/server.cc:263] flushing stats
[2025-02-21 07:23:17.790][1][debug][main] [source/server/server.cc:263] flushing stats
[2025-02-21 07:23:22.789][1][debug][main] [source/server/server.cc:263] flushing stats
[2025-02-21 07:23:28.827][1][debug][main] [source/server/server.cc:263] flushing stats
[2025-02-21 07:23:33.829][1][debug][main] [source/server/server.cc:263] flushing stats
[2025-02-21 07:23:38.830][1][debug][main] [source/server/server.cc:263] flushing stats
[2025-02-21 07:23:43.830][1][debug][main] [source/server/server.cc:263] flushing stats
[2025-02-21 07:23:48.831][1][debug][main] [source/server/server.cc:263] flushing stats
[2025-02-21 07:23:53.832][1][debug][main] [source/server/server.cc:263] flushing stats
[2025-02-21 07:23:58.833][1][debug][main] [source/server/server.cc:263] flushing stats
[2025-02-21 07:24:04.690][1][debug][main] [source/server/server.cc:263] flushing stats
[2025-02-21 07:24:09.690][1][debug][main] [source/server/server.cc:263] flushing stats
[2025-02-21 07:24:14.692][1][debug][main] [source/server/server.cc:263] flushing stats
[2025-02-21 07:24:19.693][1][debug][main] [source/server/server.cc:263] flushing stats
[2025-02-21 07:24:24.694][1][debug][main] [source/server/server.cc:263] flushing stats
[2025-02-21 07:24:29.695][1][debug][main] [source/server/server.cc:263] flushing stats
[2025-02-21 07:24:35.542][1][debug][main] [source/server/server.cc:263] flushing stats
[2025-02-21 07:24:40.542][1][debug][main] [source/server/server.cc:263] flushing stats
[2025-02-21 07:24:45.543][1][debug][main] [source/server/server.cc:263] flushing stats
[2025-02-21 07:24:50.544][1][debug][main] [source/server/server.cc:263] flushing stats
[2025-02-21 07:24:55.544][1][debug][main] [source/server/server.cc:263] flushing stats
[2025-02-21 07:25:00.546][1][debug][main] [source/server/server.cc:263] flushing stats
[2025-02-21 07:25:05.546][1][debug][main] [source/server/server.cc:263] flushing stats
[2025-02-21 07:25:11.462][1][debug][main] [source/server/server.cc:263] flushing stats
[2025-02-21 07:25:16.463][1][debug][main] [source/server/server.cc:263] flushing stats
[2025-02-21 07:25:21.463][1][debug][main] [source/server/server.cc:263] flushing stats
[2025-02-21 07:25:26.463][1][debug][main] [source/server/server.cc:263] flushing stats
[2025-02-21 07:25:31.465][1][debug][main] [source/server/server.cc:263] flushing stats
[2025-02-21 07:25:36.466][1][debug][main] [source/server/server.cc:263] flushing stats
[2025-02-21 07:25:42.385][1][debug][main] [source/server/server.cc:263] flushing stats
[2025-02-21 07:25:47.386][1][debug][main] [source/server/server.cc:263] flushing stats
[2025-02-21 07:25:52.388][1][debug][main] [source/server/server.cc:263] flushing stats
[2025-02-21 07:25:57.388][1][debug][main] [source/server/server.cc:263] flushing stats
[2025-02-21 07:26:02.389][1][debug][main] [source/server/server.cc:263] flushing stats
[2025-02-21 07:26:07.389][1][debug][main] [source/server/server.cc:263] flushing stats
[2025-02-21 07:26:12.391][1][debug][main] [source/server/server.cc:263] flushing stats
[2025-02-21 07:26:18.347][1][debug][main] [source/server/server.cc:263] flushing stats
[2025-02-21 07:26:23.348][1][debug][main] [source/server/server.cc:263] flushing stats
[2025-02-21 07:26:28.348][1][debug][main] [source/server/server.cc:263] flushing stats
[2025-02-21 07:26:33.348][1][debug][main] [source/server/server.cc:263] flushing stats
[2025-02-21 07:26:38.349][1][debug][main] [source/server/server.cc:263] flushing stats
[2025-02-21 07:26:43.350][1][debug][main] [source/server/server.cc:263] flushing stats
[2025-02-21 07:26:48.350][1][debug][main] [source/server/server.cc:263] flushing stats
[2025-02-21 07:26:53.350][1][debug][main] [source/server/server.cc:263] flushing stats
[2025-02-21 07:26:58.351][1][debug][main] [source/server/server.cc:263] flushing stats
[2025-02-21 07:27:04.768][1][debug][main] [source/server/server.cc:263] flushing stats
[2025-02-21 07:27:09.767][1][debug][main] [source/server/server.cc:263] flushing stats
[2025-02-21 07:27:14.768][1][debug][main] [source/server/server.cc:263] flushing stats
[2025-02-21 07:27:19.768][1][debug][main] [source/server/server.cc:263] flushing stats
[2025-02-21 07:27:24.768][1][debug][main] [source/server/server.cc:263] flushing stats
[2025-02-21 07:27:29.768][1][debug][main] [source/server/server.cc:263] flushing stats
[2025-02-21 07:27:34.769][1][debug][main] [source/server/server.cc:263] flushing stats
[2025-02-21 07:27:40.714][1][debug][main] [source/server/server.cc:263] flushing stats
[2025-02-21 07:27:45.714][1][debug][main] [source/server/server.cc:263] flushing stats
[2025-02-21 07:27:50.716][1][debug][main] [source/server/server.cc:263] flushing stats
[2025-02-21 07:27:55.718][1][debug][main] [source/server/server.cc:263] flushing stats
[2025-02-21 07:28:00.719][1][debug][main] [source/server/server.cc:263] flushing stats
[2025-02-21 07:28:05.720][1][debug][main] [source/server/server.cc:263] flushing stats
[2025-02-21 07:28:11.628][1][debug][main] [source/server/server.cc:263] flushing stats
[2025-02-21 07:28:16.630][1][debug][main] [source/server/server.cc:263] flushing stats
[2025-02-21 07:28:21.632][1][debug][main] [source/server/server.cc:263] flushing stats
[2025-02-21 07:28:26.633][1][debug][main] [source/server/server.cc:263] flushing stats
[2025-02-21 07:28:31.634][1][debug][main] [source/server/server.cc:263] flushing stats
[2025-02-21 07:28:36.635][1][debug][main] [source/server/server.cc:263] flushing stats
[2025-02-21 07:28:41.635][1][debug][main] [source/server/server.cc:263] flushing stats
[2025-02-21 07:28:47.508][1][debug][main] [source/server/server.cc:263] flushing stats
[2025-02-21 07:28:52.508][1][debug][main] [source/server/server.cc:263] flushing stats
[2025-02-21 07:28:57.509][1][debug][main] [source/server/server.cc:263] flushing stats
[2025-02-21 07:29:02.511][1][debug][main] [source/server/server.cc:263] flushing stats
[2025-02-21 07:29:07.512][1][debug][main] [source/server/server.cc:263] flushing stats
[2025-02-21 07:29:12.512][1][debug][main] [source/server/server.cc:263] flushing stats
[2025-02-21 07:29:18.470][1][debug][main] [source/server/server.cc:263] flushing stats
[2025-02-21 07:29:23.472][1][debug][main] [source/server/server.cc:263] flushing stats
[2025-02-21 07:29:28.472][1][debug][main] [source/server/server.cc:263] flushing stats
[2025-02-21 07:29:33.473][1][debug][main] [source/server/server.cc:263] flushing stats
[2025-02-21 07:29:38.474][1][debug][main] [source/server/server.cc:263] flushing stats
[2025-02-21 07:29:43.474][1][debug][main] [source/server/server.cc:263] flushing stats
[2025-02-21 07:29:48.475][1][debug][main] [source/server/server.cc:263] flushing stats
[2025-02-21 07:29:54.411][1][debug][main] [source/server/server.cc:263] flushing stats
[2025-02-21 07:29:59.411][1][debug][main] [source/server/server.cc:263] flushing stats
[2025-02-21 07:30:04.412][1][debug][main] [source/server/server.cc:263] flushing stats
[2025-02-21 07:30:09.413][1][debug][main] [source/server/server.cc:263] flushing stats
[2025-02-21 07:30:14.414][1][debug][main] [source/server/server.cc:263] flushing stats
[2025-02-21 07:30:19.415][1][debug][main] [source/server/server.cc:263] flushing stats
[2025-02-21 07:30:25.333][1][debug][main] [source/server/server.cc:263] flushing stats
[2025-02-21 07:30:30.334][1][debug][main] [source/server/server.cc:263] flushing stats
[2025-02-21 07:30:35.335][1][debug][main] [source/server/server.cc:263] flushing stats
[2025-02-21 07:30:40.336][1][debug][main] [source/server/server.cc:263] flushing stats
[2025-02-21 07:30:45.336][1][debug][main] [source/server/server.cc:263] flushing stats
[2025-02-21 07:30:50.338][1][debug][main] [source/server/server.cc:263] flushing stats
[2025-02-21 07:30:56.384][1][debug][main] [source/server/server.cc:263] flushing stats
[2025-02-21 07:31:01.384][1][debug][main] [source/server/server.cc:263] flushing stats
[2025-02-21 07:31:06.385][1][debug][main] [source/server/server.cc:263] flushing stats
[2025-02-21 07:31:11.386][1][debug][main] [source/server/server.cc:263] flushing stats
[2025-02-21 07:31:16.386][1][debug][main] [source/server/server.cc:263] flushing stats
[2025-02-21 07:31:21.229][1][info][main] [source/server/drain_manager_impl.cc:175] shutting down parent after drain
[2025-02-21 07:31:21.386][1][debug][main] [source/server/server.cc:263] flushing stats
[2025-02-21 07:31:26.388][1][debug][main] [source/server/server.cc:263] flushing stats
[2025-02-21 07:31:31.390][1][debug][main] [source/server/server.cc:263] flushing stats
[2025-02-21 07:31:36.391][1][debug][main] [source/server/server.cc:263] flushing stats
[2025-02-21 07:31:41.392][1][debug][main] [source/server/server.cc:263] flushing stats
[2025-02-21 07:31:46.394][1][debug][main] [source/server/server.cc:263] flushing stats
[2025-02-21 07:31:50.576][1][warning][main] [source/server/server.cc:876] caught ENVOY_SIGTERM
[2025-02-21 07:31:50.576][1][info][main] [source/server/server.cc:1005] shutting down server instance
[2025-02-21 07:31:50.576][1][info][main] [source/server/server.cc:942] main dispatch loop exited
[2025-02-21 07:31:50.576][16][debug][main] [source/server/worker_impl.cc:149] worker exited dispatch loop
[2025-02-21 07:31:50.576][16][debug][grpc] [source/common/grpc/google_async_client_impl.cc:44] Joining completionThread
[2025-02-21 07:31:50.576][18][debug][grpc] [source/common/grpc/google_async_client_impl.cc:77] completionThread exiting
[2025-02-21 07:31:50.578][16][debug][grpc] [source/common/grpc/google_async_client_impl.cc:46] Joined completionThread
[2025-02-21 07:31:50.578][16][debug][upstream] [source/common/upstream/cluster_manager_impl.cc:1443] shutting down thread local cluster manager
[2025-02-21 07:31:50.578][17][debug][main] [source/server/worker_impl.cc:149] worker exited dispatch loop
[2025-02-21 07:31:50.579][19][debug][grpc] [source/common/grpc/google_async_client_impl.cc:77] completionThread exiting
[2025-02-21 07:31:50.579][17][debug][grpc] [source/common/grpc/google_async_client_impl.cc:44] Joining completionThread
[2025-02-21 07:31:50.579][17][debug][grpc] [source/common/grpc/google_async_client_impl.cc:46] Joined completionThread
[2025-02-21 07:31:50.579][17][debug][upstream] [source/common/upstream/cluster_manager_impl.cc:1443] shutting down thread local cluster manager
[2025-02-21 07:31:50.579][1][debug][main] [source/server/server.cc:263] flushing stats
[2025-02-21 07:31:50.579][1][debug][init] [source/common/init/watcher_impl.cc:31] ClusterImplBase destroyed
[2025-02-21 07:31:50.579][1][debug][init] [source/common/init/watcher_impl.cc:31] init manager Cluster backend_cluster destroyed
[2025-02-21 07:31:50.580][1][debug][grpc] [source/common/grpc/google_async_client_impl.cc:44] Joining completionThread
[2025-02-21 07:31:50.580][13][debug][grpc] [source/common/grpc/google_async_client_impl.cc:77] completionThread exiting
[2025-02-21 07:31:50.581][1][debug][grpc] [source/common/grpc/google_async_client_impl.cc:46] Joined completionThread
[2025-02-21 07:31:50.581][1][debug][upstream] [source/common/upstream/cluster_manager_impl.cc:1443] shutting down thread local cluster manager
[2025-02-21 07:31:50.581][1][info][main] [source/server/server.cc:992] exiting
[2025-02-21 07:31:50.581][1][debug][init] [source/common/init/watcher_impl.cc:31] RunHelper destroyed
[2025-02-21 07:31:52.966][1][info][main] [source/server/server.cc:413] initializing epoch 0 (base id=0, hot restart version=11.104)
[2025-02-21 07:31:52.966][1][info][main] [source/server/server.cc:415] statically linked extensions:
[2025-02-21 07:31:52.966][1][info][main] [source/server/server.cc:417]   envoy.upstreams: envoy.filters.connection_pools.tcp.generic
[2025-02-21 07:31:52.966][1][info][main] [source/server/server.cc:417]   envoy.resolvers: envoy.ip
[2025-02-21 07:31:52.966][1][info][main] [source/server/server.cc:417]   envoy.thrift_proxy.protocols: auto, binary, binary/non-strict, compact, twitter
[2025-02-21 07:31:52.966][1][info][main] [source/server/server.cc:417]   envoy.filters.http.upstream: envoy.buffer, envoy.filters.http.admission_control, envoy.filters.http.buffer, envoy.filters.http.header_mutation, envoy.filters.http.upstream_codec
[2025-02-21 07:31:52.966][1][info][main] [source/server/server.cc:417]   envoy.internal_redirect_predicates: envoy.internal_redirect_predicates.allow_listed_routes, envoy.internal_redirect_predicates.previous_routes, envoy.internal_redirect_predicates.safe_cross_scheme
[2025-02-21 07:31:52.966][1][info][main] [source/server/server.cc:417]   envoy.matching.input_matchers: envoy.matching.matchers.cel_matcher, envoy.matching.matchers.consistent_hashing, envoy.matching.matchers.ip, envoy.matching.matchers.runtime_fraction
[2025-02-21 07:31:52.966][1][info][main] [source/server/server.cc:417]   envoy.thrift_proxy.transports: auto, framed, header, unframed
[2025-02-21 07:31:52.966][1][info][main] [source/server/server.cc:417]   quic.http_server_connection: quic.http_server_connection.default
[2025-02-21 07:31:52.966][1][info][main] [source/server/server.cc:417]   envoy.compression.decompressor: envoy.compression.brotli.decompressor, envoy.compression.gzip.decompressor, envoy.compression.zstd.decompressor
[2025-02-21 07:31:52.966][1][info][main] [source/server/server.cc:417]   envoy.path.match: envoy.path.match.uri_template.uri_template_matcher
[2025-02-21 07:31:52.966][1][info][main] [source/server/server.cc:417]   envoy.load_balancing_policies: envoy.load_balancing_policies.cluster_provided, envoy.load_balancing_policies.least_request, envoy.load_balancing_policies.maglev, envoy.load_balancing_policies.random, envoy.load_balancing_policies.ring_hash, envoy.load_balancing_policies.round_robin, envoy.load_balancing_policies.subset
[2025-02-21 07:31:52.966][1][info][main] [source/server/server.cc:417]   envoy.connection_handler: envoy.connection_handler.default
[2025-02-21 07:31:52.966][1][info][main] [source/server/server.cc:417]   envoy.matching.network.input: envoy.matching.inputs.application_protocol, envoy.matching.inputs.destination_ip, envoy.matching.inputs.destination_port, envoy.matching.inputs.direct_source_ip, envoy.matching.inputs.dns_san, envoy.matching.inputs.filter_state, envoy.matching.inputs.server_name, envoy.matching.inputs.source_ip, envoy.matching.inputs.source_port, envoy.matching.inputs.source_type, envoy.matching.inputs.subject, envoy.matching.inputs.transport_protocol, envoy.matching.inputs.uri_san
[2025-02-21 07:31:52.966][1][info][main] [source/server/server.cc:417]   envoy.clusters: envoy.cluster.eds, envoy.cluster.logical_dns, envoy.cluster.original_dst, envoy.cluster.static, envoy.cluster.strict_dns, envoy.clusters.aggregate, envoy.clusters.dynamic_forward_proxy, envoy.clusters.redis
[2025-02-21 07:31:52.966][1][info][main] [source/server/server.cc:417]   envoy.formatter: envoy.formatter.cel, envoy.formatter.metadata, envoy.formatter.req_without_query
[2025-02-21 07:31:52.966][1][info][main] [source/server/server.cc:417]   envoy.grpc_credentials: envoy.grpc_credentials.aws_iam, envoy.grpc_credentials.default, envoy.grpc_credentials.file_based_metadata
[2025-02-21 07:31:52.966][1][info][main] [source/server/server.cc:417]   envoy.bootstrap: envoy.bootstrap.internal_listener, envoy.bootstrap.wasm, envoy.extensions.network.socket_interface.default_socket_interface
[2025-02-21 07:31:52.966][1][info][main] [source/server/server.cc:417]   envoy.compression.compressor: envoy.compression.brotli.compressor, envoy.compression.gzip.compressor, envoy.compression.zstd.compressor
[2025-02-21 07:31:52.966][1][info][main] [source/server/server.cc:417]   envoy.config_subscription: envoy.config_subscription.ads, envoy.config_subscription.ads_collection, envoy.config_subscription.aggregated_grpc_collection, envoy.config_subscription.delta_grpc, envoy.config_subscription.delta_grpc_collection, envoy.config_subscription.filesystem, envoy.config_subscription.filesystem_collection, envoy.config_subscription.grpc, envoy.config_subscription.rest
[2025-02-21 07:31:52.966][1][info][main] [source/server/server.cc:417]   envoy.listener_manager_impl: envoy.listener_manager_impl.default, envoy.listener_manager_impl.validation
[2025-02-21 07:31:52.966][1][info][main] [source/server/server.cc:417]   envoy.filters.network: envoy.echo, envoy.ext_authz, envoy.filters.network.connection_limit, envoy.filters.network.direct_response, envoy.filters.network.dubbo_proxy, envoy.filters.network.echo, envoy.filters.network.ext_authz, envoy.filters.network.http_connection_manager, envoy.filters.network.local_ratelimit, envoy.filters.network.mongo_proxy, envoy.filters.network.ratelimit, envoy.filters.network.rbac, envoy.filters.network.redis_proxy, envoy.filters.network.sni_cluster, envoy.filters.network.sni_dynamic_forward_proxy, envoy.filters.network.tcp_proxy, envoy.filters.network.thrift_proxy, envoy.filters.network.wasm, envoy.filters.network.zookeeper_proxy, envoy.http_connection_manager, envoy.mongo_proxy, envoy.ratelimit, envoy.redis_proxy, envoy.tcp_proxy
[2025-02-21 07:31:52.966][1][info][main] [source/server/server.cc:417]   envoy.matching.http.input: envoy.matching.inputs.cel_data_input, envoy.matching.inputs.destination_ip, envoy.matching.inputs.destination_port, envoy.matching.inputs.direct_source_ip, envoy.matching.inputs.dns_san, envoy.matching.inputs.request_headers, envoy.matching.inputs.request_trailers, envoy.matching.inputs.response_headers, envoy.matching.inputs.response_trailers, envoy.matching.inputs.server_name, envoy.matching.inputs.source_ip, envoy.matching.inputs.source_port, envoy.matching.inputs.source_type, envoy.matching.inputs.status_code_class_input, envoy.matching.inputs.status_code_input, envoy.matching.inputs.subject, envoy.matching.inputs.uri_san, query_params
[2025-02-21 07:31:52.966][1][info][main] [source/server/server.cc:417]   envoy.dubbo_proxy.filters: envoy.filters.dubbo.router
[2025-02-21 07:31:52.966][1][info][main] [source/server/server.cc:417]   envoy.request_id: envoy.request_id.uuid
[2025-02-21 07:31:52.966][1][info][main] [source/server/server.cc:417]   envoy.retry_priorities: envoy.retry_priorities.previous_priorities
[2025-02-21 07:31:52.966][1][info][main] [source/server/server.cc:417]   envoy.filters.udp_listener: envoy.filters.udp.dns_filter, envoy.filters.udp_listener.udp_proxy
[2025-02-21 07:31:52.966][1][info][main] [source/server/server.cc:417]   envoy.dubbo_proxy.protocols: dubbo
[2025-02-21 07:31:52.966][1][info][main] [source/server/server.cc:417]   envoy.upstream_options: envoy.extensions.upstreams.http.v3.HttpProtocolOptions, envoy.extensions.upstreams.tcp.v3.TcpProtocolOptions, envoy.upstreams.http.http_protocol_options, envoy.upstreams.tcp.tcp_protocol_options
[2025-02-21 07:31:52.966][1][info][main] [source/server/server.cc:417]   envoy.resource_monitors: envoy.resource_monitors.fixed_heap, envoy.resource_monitors.injected_resource
[2025-02-21 07:31:52.966][1][info][main] [source/server/server.cc:417]   envoy.http.stateful_session: envoy.http.stateful_session.cookie, envoy.http.stateful_session.header
[2025-02-21 07:31:52.966][1][info][main] [source/server/server.cc:417]   envoy.quic.proof_source: envoy.quic.proof_source.filter_chain
[2025-02-21 07:31:52.966][1][info][main] [source/server/server.cc:417]   envoy.stats_sinks: envoy.dog_statsd, envoy.graphite_statsd, envoy.metrics_service, envoy.open_telemetry_stat_sink, envoy.stat_sinks.dog_statsd, envoy.stat_sinks.graphite_statsd, envoy.stat_sinks.hystrix, envoy.stat_sinks.metrics_service, envoy.stat_sinks.open_telemetry, envoy.stat_sinks.statsd, envoy.stat_sinks.wasm, envoy.statsd
[2025-02-21 07:31:52.966][1][info][main] [source/server/server.cc:417]   envoy.regex_engines: envoy.regex_engines.google_re2
[2025-02-21 07:31:52.966][1][info][main] [source/server/server.cc:417]   envoy.dubbo_proxy.serializers: dubbo.hessian2
[2025-02-21 07:31:52.966][1][info][main] [source/server/server.cc:417]   envoy.network.dns_resolver: envoy.network.dns_resolver.cares, envoy.network.dns_resolver.getaddrinfo
[2025-02-21 07:31:52.966][1][info][main] [source/server/server.cc:417]   envoy.common.key_value: envoy.key_value.file_based
[2025-02-21 07:31:52.966][1][info][main] [source/server/server.cc:417]   envoy.matching.network.custom_matchers: envoy.matching.custom_matchers.trie_matcher
[2025-02-21 07:31:52.966][1][info][main] [source/server/server.cc:417]   envoy.matching.http.custom_matchers: envoy.matching.custom_matchers.trie_matcher
[2025-02-21 07:31:52.966][1][info][main] [source/server/server.cc:417]   envoy.config.validators: envoy.config.validators.minimum_clusters, envoy.config.validators.minimum_clusters_validator
[2025-02-21 07:31:52.966][1][info][main] [source/server/server.cc:417]   network.connection.client: default, envoy_internal
[2025-02-21 07:31:52.966][1][info][main] [source/server/server.cc:417]   envoy.path.rewrite: envoy.path.rewrite.uri_template.uri_template_rewriter
[2025-02-21 07:31:52.966][1][info][main] [source/server/server.cc:417]   envoy.http.stateful_header_formatters: envoy.http.stateful_header_formatters.preserve_case, preserve_case
[2025-02-21 07:31:52.966][1][info][main] [source/server/server.cc:417]   envoy.guarddog_actions: envoy.watchdog.abort_action, envoy.watchdog.profile_action
[2025-02-21 07:31:52.966][1][info][main] [source/server/server.cc:417]   envoy.tls.cert_validator: envoy.tls.cert_validator.default, envoy.tls.cert_validator.spiffe
[2025-02-21 07:31:52.966][1][info][main] [source/server/server.cc:417]   envoy.quic.server_preferred_address: quic.server_preferred_address.fixed
[2025-02-21 07:31:52.966][1][info][main] [source/server/server.cc:417]   envoy.transport_sockets.upstream: envoy.transport_sockets.alts, envoy.transport_sockets.http_11_proxy, envoy.transport_sockets.internal_upstream, envoy.transport_sockets.quic, envoy.transport_sockets.raw_buffer, envoy.transport_sockets.starttls, envoy.transport_sockets.tap, envoy.transport_sockets.tcp_stats, envoy.transport_sockets.tls, envoy.transport_sockets.upstream_proxy_protocol, raw_buffer, starttls, tls
[2025-02-21 07:31:52.966][1][info][main] [source/server/server.cc:417]   envoy.health_check.event_sinks: envoy.health_check.event_sink.file
[2025-02-21 07:31:52.966][1][info][main] [source/server/server.cc:417]   envoy.transport_sockets.downstream: envoy.transport_sockets.alts, envoy.transport_sockets.quic, envoy.transport_sockets.raw_buffer, envoy.transport_sockets.starttls, envoy.transport_sockets.tap, envoy.transport_sockets.tcp_stats, envoy.transport_sockets.tls, raw_buffer, starttls, tls
[2025-02-21 07:31:52.966][1][info][main] [source/server/server.cc:417]   envoy.thrift_proxy.filters: envoy.filters.thrift.header_to_metadata, envoy.filters.thrift.payload_to_metadata, envoy.filters.thrift.rate_limit, envoy.filters.thrift.router
[2025-02-21 07:31:52.966][1][info][main] [source/server/server.cc:417]   envoy.rbac.matchers: envoy.rbac.matchers.upstream_ip_port
[2025-02-21 07:31:52.966][1][info][main] [source/server/server.cc:417]   envoy.wasm.runtime: envoy.wasm.runtime.null, envoy.wasm.runtime.v8
[2025-02-21 07:31:52.966][1][info][main] [source/server/server.cc:417]   envoy.route.early_data_policy: envoy.route.early_data_policy.default
[2025-02-21 07:31:52.966][1][info][main] [source/server/server.cc:417]   envoy.http.header_validators: envoy.http.header_validators.envoy_default
[2025-02-21 07:31:52.966][1][info][main] [source/server/server.cc:417]   envoy.health_checkers: envoy.health_checkers.grpc, envoy.health_checkers.http, envoy.health_checkers.redis, envoy.health_checkers.tcp, envoy.health_checkers.thrift
[2025-02-21 07:31:52.966][1][info][main] [source/server/server.cc:417]   envoy.quic.server.crypto_stream: envoy.quic.crypto_stream.server.quiche
[2025-02-21 07:31:52.966][1][info][main] [source/server/server.cc:417]   envoy.config_mux: envoy.config_mux.delta_grpc_mux_factory, envoy.config_mux.grpc_mux_factory, envoy.config_mux.new_grpc_mux_factory, envoy.config_mux.sotw_grpc_mux_factory
[2025-02-21 07:31:52.966][1][info][main] [source/server/server.cc:417]   envoy.rate_limit_descriptors: envoy.rate_limit_descriptors.expr
[2025-02-21 07:31:52.966][1][info][main] [source/server/server.cc:417]   envoy.tracers: envoy.dynamic.ot, envoy.tracers.datadog, envoy.tracers.dynamic_ot, envoy.tracers.opencensus, envoy.tracers.opentelemetry, envoy.tracers.skywalking, envoy.tracers.xray, envoy.tracers.zipkin, envoy.zipkin
[2025-02-21 07:31:52.966][1][info][main] [source/server/server.cc:417]   envoy.http.early_header_mutation: envoy.http.early_header_mutation.header_mutation
[2025-02-21 07:31:52.966][1][info][main] [source/server/server.cc:417]   envoy.udp_packet_writer: envoy.udp_packet_writer.default, envoy.udp_packet_writer.gso
[2025-02-21 07:31:52.966][1][info][main] [source/server/server.cc:417]   envoy.access_loggers.extension_filters: envoy.access_loggers.extension_filters.cel
[2025-02-21 07:31:52.966][1][info][main] [source/server/server.cc:417]   envoy.filters.http: envoy.bandwidth_limit, envoy.buffer, envoy.cors, envoy.csrf, envoy.ext_authz, envoy.ext_proc, envoy.fault, envoy.filters.http.adaptive_concurrency, envoy.filters.http.admission_control, envoy.filters.http.alternate_protocols_cache, envoy.filters.http.aws_lambda, envoy.filters.http.aws_request_signing, envoy.filters.http.bandwidth_limit, envoy.filters.http.buffer, envoy.filters.http.cache, envoy.filters.http.cdn_loop, envoy.filters.http.composite, envoy.filters.http.compressor, envoy.filters.http.connect_grpc_bridge, envoy.filters.http.cors, envoy.filters.http.csrf, envoy.filters.http.custom_response, envoy.filters.http.decompressor, envoy.filters.http.dynamic_forward_proxy, envoy.filters.http.ext_authz, envoy.filters.http.ext_proc, envoy.filters.http.fault, envoy.filters.http.file_system_buffer, envoy.filters.http.gcp_authn, envoy.filters.http.geoip, envoy.filters.http.grpc_field_extraction, envoy.filters.http.grpc_http1_bridge, envoy.filters.http.grpc_http1_reverse_bridge, envoy.filters.http.grpc_json_transcoder, envoy.filters.http.grpc_stats, envoy.filters.http.grpc_web, envoy.filters.http.header_mutation, envoy.filters.http.header_to_metadata, envoy.filters.http.health_check, envoy.filters.http.ip_tagging, envoy.filters.http.jwt_authn, envoy.filters.http.local_ratelimit, envoy.filters.http.lua, envoy.filters.http.match_delegate, envoy.filters.http.oauth2, envoy.filters.http.on_demand, envoy.filters.http.original_src, envoy.filters.http.rate_limit_quota, envoy.filters.http.ratelimit, envoy.filters.http.rbac, envoy.filters.http.router, envoy.filters.http.set_metadata, envoy.filters.http.stateful_session, envoy.filters.http.tap, envoy.filters.http.wasm, envoy.geoip, envoy.grpc_http1_bridge, envoy.grpc_json_transcoder, envoy.grpc_web, envoy.health_check, envoy.ip_tagging, envoy.local_rate_limit, envoy.lua, envoy.rate_limit, envoy.router
[2025-02-21 07:31:52.966][1][info][main] [source/server/server.cc:417]   envoy.matching.common_inputs: envoy.matching.common_inputs.environment_variable
[2025-02-21 07:31:52.966][1][info][main] [source/server/server.cc:417]   envoy.matching.action: envoy.matching.actions.format_string, filter-chain-name
[2025-02-21 07:31:52.966][1][info][main] [source/server/server.cc:417]   envoy.http.original_ip_detection: envoy.http.original_ip_detection.custom_header, envoy.http.original_ip_detection.xff
[2025-02-21 07:31:52.966][1][info][main] [source/server/server.cc:417]   envoy.retry_host_predicates: envoy.retry_host_predicates.omit_canary_hosts, envoy.retry_host_predicates.omit_host_metadata, envoy.retry_host_predicates.previous_hosts
[2025-02-21 07:31:52.966][1][info][main] [source/server/server.cc:417]   envoy.quic.connection_id_generator: envoy.quic.deterministic_connection_id_generator
[2025-02-21 07:31:52.966][1][info][main] [source/server/server.cc:417]   envoy.http.cache: envoy.extensions.http.cache.file_system_http_cache, envoy.extensions.http.cache.simple
[2025-02-21 07:31:52.966][1][info][main] [source/server/server.cc:417]   envoy.filters.listener: envoy.filters.listener.http_inspector, envoy.filters.listener.local_ratelimit, envoy.filters.listener.original_dst, envoy.filters.listener.original_src, envoy.filters.listener.proxy_protocol, envoy.filters.listener.tls_inspector, envoy.listener.http_inspector, envoy.listener.original_dst, envoy.listener.original_src, envoy.listener.proxy_protocol, envoy.listener.tls_inspector
[2025-02-21 07:31:52.966][1][info][main] [source/server/server.cc:417]   envoy.access_loggers: envoy.access_loggers.file, envoy.access_loggers.http_grpc, envoy.access_loggers.open_telemetry, envoy.access_loggers.stderr, envoy.access_loggers.stdout, envoy.access_loggers.tcp_grpc, envoy.access_loggers.wasm, envoy.file_access_log, envoy.http_grpc_access_log, envoy.open_telemetry_access_log, envoy.stderr_access_log, envoy.stdout_access_log, envoy.tcp_grpc_access_log, envoy.wasm_access_log
[2025-02-21 07:31:52.966][1][info][main] [source/server/server.cc:417]   envoy.http.custom_response: envoy.extensions.http.custom_response.local_response_policy, envoy.extensions.http.custom_response.redirect_policy
[2025-02-21 07:31:52.969][1][warning][misc] [source/common/protobuf/message_validator_impl.cc:21] Deprecated field: type envoy.config.bootstrap.v3.Admin Using deprecated option 'envoy.config.bootstrap.v3.Admin.access_log_path' from file bootstrap.proto. This configuration will be removed from Envoy soon. Please see https://www.envoyproxy.io/docs/envoy/latest/version_history/version_history for details. If continued use of this field is absolutely necessary, see https://www.envoyproxy.io/docs/envoy/latest/configuration/operations/runtime#using-runtime-overrides-for-deprecated-features for how to apply a temporary and highly discouraged override.
[2025-02-21 07:31:52.969][1][info][main] [source/server/server.cc:470] HTTP header map info:
[2025-02-21 07:31:52.970][1][info][main] [source/server/server.cc:473]   request header map: 680 bytes: :authority,:method,:path,:protocol,:scheme,accept,accept-encoding,access-control-request-headers,access-control-request-method,access-control-request-private-network,authentication,authorization,cache-control,cdn-loop,connection,content-encoding,content-length,content-type,expect,grpc-accept-encoding,grpc-timeout,if-match,if-modified-since,if-none-match,if-range,if-unmodified-since,keep-alive,origin,pragma,proxy-connection,proxy-status,referer,te,transfer-encoding,upgrade,user-agent,via,x-client-trace-id,x-envoy-attempt-count,x-envoy-decorator-operation,x-envoy-downstream-service-cluster,x-envoy-downstream-service-node,x-envoy-expected-rq-timeout-ms,x-envoy-external-address,x-envoy-force-trace,x-envoy-hedge-on-per-try-timeout,x-envoy-internal,x-envoy-ip-tags,x-envoy-is-timeout-retry,x-envoy-max-retries,x-envoy-original-path,x-envoy-original-url,x-envoy-retriable-header-names,x-envoy-retriable-status-codes,x-envoy-retry-grpc-on,x-envoy-retry-on,x-envoy-upstream-alt-stat-name,x-envoy-upstream-rq-per-try-timeout-ms,x-envoy-upstream-rq-timeout-alt-response,x-envoy-upstream-rq-timeout-ms,x-envoy-upstream-stream-duration-ms,x-forwarded-client-cert,x-forwarded-for,x-forwarded-host,x-forwarded-port,x-forwarded-proto,x-ot-span-context,x-request-id
[2025-02-21 07:31:52.970][1][info][main] [source/server/server.cc:473]   request trailer map: 128 bytes: 
[2025-02-21 07:31:52.970][1][info][main] [source/server/server.cc:473]   response header map: 440 bytes: :status,access-control-allow-credentials,access-control-allow-headers,access-control-allow-methods,access-control-allow-origin,access-control-allow-private-network,access-control-expose-headers,access-control-max-age,age,cache-control,connection,content-encoding,content-length,content-type,date,etag,expires,grpc-message,grpc-status,keep-alive,last-modified,location,proxy-connection,proxy-status,server,transfer-encoding,upgrade,vary,via,x-envoy-attempt-count,x-envoy-decorator-operation,x-envoy-degraded,x-envoy-immediate-health-check-fail,x-envoy-ratelimited,x-envoy-upstream-canary,x-envoy-upstream-healthchecked-cluster,x-envoy-upstream-service-time,x-request-id
[2025-02-21 07:31:52.970][1][info][main] [source/server/server.cc:473]   response trailer map: 152 bytes: grpc-message,grpc-status
[2025-02-21 07:31:52.973][1][debug][main] [source/server/overload_manager_impl.cc:539] No overload action is configured for envoy.overload_actions.shrink_heap.
[2025-02-21 07:31:52.973][1][debug][main] [source/server/overload_manager_impl.cc:539] No overload action is configured for envoy.overload_actions.reduce_timeouts.
[2025-02-21 07:31:52.973][1][debug][main] [source/server/overload_manager_impl.cc:539] No overload action is configured for envoy.overload_actions.stop_accepting_connections.
[2025-02-21 07:31:52.973][1][debug][main] [source/server/overload_manager_impl.cc:539] No overload action is configured for envoy.overload_actions.reject_incoming_connections.
[2025-02-21 07:31:52.973][1][debug][main] [source/server/overload_manager_impl.cc:539] No overload action is configured for envoy.overload_actions.reset_high_memory_stream.
[2025-02-21 07:31:52.973][1][debug][main] [source/server/overload_manager_impl.cc:539] No overload action is configured for envoy.overload_actions.reduce_timeouts.
[2025-02-21 07:31:52.973][1][debug][main] [source/server/overload_manager_impl.cc:539] No overload action is configured for envoy.overload_actions.stop_accepting_connections.
[2025-02-21 07:31:52.973][1][debug][main] [source/server/overload_manager_impl.cc:539] No overload action is configured for envoy.overload_actions.reject_incoming_connections.
[2025-02-21 07:31:52.973][1][debug][main] [source/server/overload_manager_impl.cc:539] No overload action is configured for envoy.overload_actions.reset_high_memory_stream.
[2025-02-21 07:31:52.973][1][info][main] [source/server/server.cc:840] runtime: {}
[2025-02-21 07:31:52.973][1][info][admin] [source/server/admin/admin.cc:66] admin address: 127.0.0.1:9901
[2025-02-21 07:31:52.973][1][info][config] [source/server/configuration_impl.cc:144] loading tracing configuration
[2025-02-21 07:31:52.973][1][info][config] [source/server/configuration_impl.cc:103] loading 0 static secret(s)
[2025-02-21 07:31:52.973][1][info][config] [source/server/configuration_impl.cc:109] loading 1 cluster(s)
[2025-02-21 07:31:52.974][12][debug][grpc] [source/common/grpc/google_async_client_impl.cc:54] completionThread running
[2025-02-21 07:31:52.974][1][debug][config] [./source/common/http/filter_chain_helper.h:89]     upstream http filter #0
[2025-02-21 07:31:52.974][1][debug][config] [./source/common/http/filter_chain_helper.h:120]       name: envoy.filters.http.upstream_codec
[2025-02-21 07:31:52.974][1][debug][config] [./source/common/http/filter_chain_helper.h:123]     config: {"@type":"type.googleapis.com/envoy.extensions.filters.http.upstream_codec.v3.UpstreamCodec"}
[2025-02-21 07:31:52.974][1][debug][upstream] [source/common/upstream/upstream_impl.cc:453] transport socket match, socket default selected for host with address 192.168.229.128:8080
[2025-02-21 07:31:52.974][1][debug][upstream] [source/common/upstream/upstream_impl.cc:1546] initializing Primary cluster backend_cluster completed
[2025-02-21 07:31:52.974][1][debug][init] [source/common/init/manager_impl.cc:49] init manager Cluster backend_cluster contains no targets
[2025-02-21 07:31:52.974][1][debug][init] [source/common/init/watcher_impl.cc:14] init manager Cluster backend_cluster initialized, notifying ClusterImplBase
[2025-02-21 07:31:52.974][1][debug][upstream] [source/common/upstream/cluster_manager_impl.cc:1130] adding TLS cluster backend_cluster
[2025-02-21 07:31:52.974][1][debug][upstream] [source/common/upstream/cluster_manager_impl.cc:1221] membership update for TLS cluster backend_cluster added 1 removed 0
[2025-02-21 07:31:52.974][1][debug][upstream] [source/common/upstream/cluster_manager_impl.cc:153] cm init: init complete: cluster=backend_cluster primary=0 secondary=0
[2025-02-21 07:31:52.974][1][debug][upstream] [source/common/upstream/cluster_manager_impl.cc:173] maybe finish initialize state: 0
[2025-02-21 07:31:52.974][1][debug][upstream] [source/common/upstream/cluster_manager_impl.cc:119] cm init: adding: cluster=backend_cluster primary=0 secondary=0
[2025-02-21 07:31:52.974][1][debug][upstream] [source/common/upstream/cluster_manager_impl.cc:173] maybe finish initialize state: 1
[2025-02-21 07:31:52.974][1][debug][upstream] [source/common/upstream/cluster_manager_impl.cc:182] maybe finish initialize primary init clusters empty: true
[2025-02-21 07:31:52.974][1][info][config] [source/server/configuration_impl.cc:113] loading 1 listener(s)
[2025-02-21 07:31:52.974][1][debug][config] [source/server/configuration_impl.cc:115] listener #0:
[2025-02-21 07:31:52.974][1][debug][config] [source/extensions/listener_managers/listener_manager/listener_manager_impl.cc:474] begin add/update listener: name=http_listener hash=10405392430453387101
[2025-02-21 07:31:52.974][1][debug][config] [source/extensions/listener_managers/listener_manager/listener_manager_impl.cc:511] use full listener update path for listener name=http_listener hash=10405392430453387101
[2025-02-21 07:31:52.974][1][debug][config] [source/extensions/listener_managers/listener_manager/listener_manager_impl.cc:88]   filter #0:
[2025-02-21 07:31:52.974][1][debug][config] [source/extensions/listener_managers/listener_manager/listener_manager_impl.cc:89]     name: envoy.filters.network.http_connection_manager
[2025-02-21 07:31:52.974][1][debug][config] [source/extensions/listener_managers/listener_manager/listener_manager_impl.cc:92]   config: {"@type":"type.googleapis.com/envoy.extensions.filters.network.http_connection_manager.v3.HttpConnectionManager","stat_prefix":"ingress_http","route_config":{"name":"local_route","virtual_hosts":[{"name":"example_host","domains":["example.com"],"routes":[{"match":{"prefix":"/"},"route":{"cluster":"backend_cluster"}}]}]},"http_filters":[{"name":"envoy.filters.http.lua","typed_config":{"@type":"type.googleapis.com/envoy.extensions.filters.http.lua.v3.Lua","source_codes":{"filter.lua":{"filename":"/etc/envoy/script/filter.lua"},"collect.lua":{"filename":"/etc/envoy/script/collect.lua"}},"stat_prefix":"filter_script"}},{"name":"envoy.filters.http.router","typed_config":{"@type":"type.googleapis.com/envoy.extensions.filters.http.router.v3.Router"}}]}
[2025-02-21 07:31:52.975][1][debug][config] [./source/common/http/filter_chain_helper.h:89]     http filter #0
[2025-02-21 07:31:52.980][1][debug][lua] [./source/extensions/filters/common/lua/lua.h:182] registering new type: N5Envoy10Extensions7Filters6Common3Lua13BufferWrapperE
[2025-02-21 07:31:52.980][1][debug][lua] [./source/extensions/filters/common/lua/lua.h:182] registering new type: N5Envoy10Extensions7Filters6Common3Lua18MetadataMapWrapperE
[2025-02-21 07:31:52.980][1][debug][lua] [./source/extensions/filters/common/lua/lua.h:182] registering new type: N5Envoy10Extensions7Filters6Common3Lua19MetadataMapIteratorE
[2025-02-21 07:31:52.980][1][debug][lua] [./source/extensions/filters/common/lua/lua.h:182] registering new type: N5Envoy10Extensions7Filters6Common3Lua17ConnectionWrapperE
[2025-02-21 07:31:52.980][1][debug][lua] [./source/extensions/filters/common/lua/lua.h:182] registering new type: N5Envoy10Extensions7Filters6Common3Lua20SslConnectionWrapperE
[2025-02-21 07:31:52.980][1][debug][lua] [./source/extensions/filters/common/lua/lua.h:182] registering new type: N5Envoy10Extensions11HttpFilters3Lua16HeaderMapWrapperE
[2025-02-21 07:31:52.980][1][debug][lua] [./source/extensions/filters/common/lua/lua.h:182] registering new type: N5Envoy10Extensions11HttpFilters3Lua17HeaderMapIteratorE
[2025-02-21 07:31:52.980][1][debug][lua] [./source/extensions/filters/common/lua/lua.h:182] registering new type: N5Envoy10Extensions11HttpFilters3Lua17StreamInfoWrapperE
[2025-02-21 07:31:52.980][1][debug][lua] [./source/extensions/filters/common/lua/lua.h:182] registering new type: N5Envoy10Extensions11HttpFilters3Lua25DynamicMetadataMapWrapperE
[2025-02-21 07:31:52.980][1][debug][lua] [./source/extensions/filters/common/lua/lua.h:182] registering new type: N5Envoy10Extensions11HttpFilters3Lua26DynamicMetadataMapIteratorE
[2025-02-21 07:31:52.980][1][debug][lua] [./source/extensions/filters/common/lua/lua.h:182] registering new type: N5Envoy10Extensions11HttpFilters3Lua19StreamHandleWrapperE
[2025-02-21 07:31:52.980][1][debug][lua] [./source/extensions/filters/common/lua/lua.h:182] registering new type: N5Envoy10Extensions11HttpFilters3Lua16PublicKeyWrapperE
[2025-02-21 07:31:52.982][1][debug][lua] [./source/extensions/filters/common/lua/lua.h:182] registering new type: N5Envoy10Extensions7Filters6Common3Lua13BufferWrapperE
[2025-02-21 07:31:52.982][1][debug][lua] [./source/extensions/filters/common/lua/lua.h:182] registering new type: N5Envoy10Extensions7Filters6Common3Lua18MetadataMapWrapperE
[2025-02-21 07:31:52.982][1][debug][lua] [./source/extensions/filters/common/lua/lua.h:182] registering new type: N5Envoy10Extensions7Filters6Common3Lua19MetadataMapIteratorE
[2025-02-21 07:31:52.982][1][debug][lua] [./source/extensions/filters/common/lua/lua.h:182] registering new type: N5Envoy10Extensions7Filters6Common3Lua17ConnectionWrapperE
[2025-02-21 07:31:52.982][1][debug][lua] [./source/extensions/filters/common/lua/lua.h:182] registering new type: N5Envoy10Extensions7Filters6Common3Lua20SslConnectionWrapperE
[2025-02-21 07:31:52.982][1][debug][lua] [./source/extensions/filters/common/lua/lua.h:182] registering new type: N5Envoy10Extensions11HttpFilters3Lua16HeaderMapWrapperE
[2025-02-21 07:31:52.982][1][debug][lua] [./source/extensions/filters/common/lua/lua.h:182] registering new type: N5Envoy10Extensions11HttpFilters3Lua17HeaderMapIteratorE
[2025-02-21 07:31:52.982][1][debug][lua] [./source/extensions/filters/common/lua/lua.h:182] registering new type: N5Envoy10Extensions11HttpFilters3Lua17StreamInfoWrapperE
[2025-02-21 07:31:52.982][1][debug][lua] [./source/extensions/filters/common/lua/lua.h:182] registering new type: N5Envoy10Extensions11HttpFilters3Lua25DynamicMetadataMapWrapperE
[2025-02-21 07:31:52.982][1][debug][lua] [./source/extensions/filters/common/lua/lua.h:182] registering new type: N5Envoy10Extensions11HttpFilters3Lua26DynamicMetadataMapIteratorE
[2025-02-21 07:31:52.982][1][debug][lua] [./source/extensions/filters/common/lua/lua.h:182] registering new type: N5Envoy10Extensions11HttpFilters3Lua19StreamHandleWrapperE
[2025-02-21 07:31:52.982][1][debug][lua] [./source/extensions/filters/common/lua/lua.h:182] registering new type: N5Envoy10Extensions11HttpFilters3Lua16PublicKeyWrapperE
[2025-02-21 07:31:52.982][1][debug][config] [./source/common/http/filter_chain_helper.h:120]       name: envoy.filters.http.lua
[2025-02-21 07:31:52.982][1][debug][config] [./source/common/http/filter_chain_helper.h:123]     config: {"@type":"type.googleapis.com/envoy.extensions.filters.http.lua.v3.Lua","source_codes":{"filter.lua":{"filename":"/etc/envoy/script/filter.lua"},"collect.lua":{"filename":"/etc/envoy/script/collect.lua"}},"stat_prefix":"filter_script"}
[2025-02-21 07:31:52.982][1][debug][config] [./source/common/http/filter_chain_helper.h:89]     http filter #1
[2025-02-21 07:31:52.982][1][debug][config] [./source/common/http/filter_chain_helper.h:120]       name: envoy.filters.http.router
[2025-02-21 07:31:52.982][1][debug][config] [./source/common/http/filter_chain_helper.h:123]     config: {"@type":"type.googleapis.com/envoy.extensions.filters.http.router.v3.Router"}
[2025-02-21 07:31:52.983][1][debug][config] [source/extensions/listener_managers/listener_manager/filter_chain_manager_impl.cc:322] new fc_contexts has 1 filter chains, including 1 newly built
[2025-02-21 07:31:52.983][1][debug][init] [source/common/init/manager_impl.cc:24] added target Listener-init-target http_listener to init manager Server
[2025-02-21 07:31:52.983][1][debug][config] [source/extensions/listener_managers/listener_manager/listener_impl.cc:156] Create listen socket for listener http_listener on address 0.0.0.0:80
[2025-02-21 07:31:52.983][1][debug][config] [source/extensions/listener_managers/listener_manager/listener_impl.cc:166] http_listener: Setting socket options succeeded
[2025-02-21 07:31:52.983][1][debug][config] [source/extensions/listener_managers/listener_manager/listener_impl.cc:109] Set listener http_listener socket factory local address to 0.0.0.0:80
[2025-02-21 07:31:52.983][1][debug][config] [source/extensions/listener_managers/listener_manager/listener_impl.cc:156] Create listen socket for listener http_listener on address 0.0.0.0:80
[2025-02-21 07:31:52.983][1][debug][config] [source/extensions/listener_managers/listener_manager/listener_impl.cc:166] http_listener: Setting socket options succeeded
[2025-02-21 07:31:52.983][1][debug][config] [source/extensions/listener_managers/listener_manager/listener_impl.cc:972] add active listener: name=http_listener, hash=10405392430453387101, tag=1, address=0.0.0.0:80
[2025-02-21 07:31:52.983][1][info][config] [source/server/configuration_impl.cc:130] loading stats configuration
[2025-02-21 07:31:52.983][1][debug][init] [source/common/init/manager_impl.cc:49] init manager RTDS contains no targets
[2025-02-21 07:31:52.983][1][debug][init] [source/common/init/watcher_impl.cc:14] init manager RTDS initialized, notifying RTDS
[2025-02-21 07:31:52.983][1][info][runtime] [source/common/runtime/runtime_impl.cc:577] RTDS has finished initialization
[2025-02-21 07:31:52.983][1][debug][upstream] [source/common/upstream/cluster_manager_impl.cc:244] continue initializing secondary clusters
[2025-02-21 07:31:52.983][1][debug][upstream] [source/common/upstream/cluster_manager_impl.cc:173] maybe finish initialize state: 2
[2025-02-21 07:31:52.983][1][debug][upstream] [source/common/upstream/cluster_manager_impl.cc:182] maybe finish initialize primary init clusters empty: true
[2025-02-21 07:31:52.983][1][debug][upstream] [source/common/upstream/cluster_manager_impl.cc:197] maybe finish initialize secondary init clusters empty: true
[2025-02-21 07:31:52.983][1][debug][upstream] [source/common/upstream/cluster_manager_impl.cc:220] maybe finish initialize cds api ready: false
[2025-02-21 07:31:52.983][1][info][upstream] [source/common/upstream/cluster_manager_impl.cc:226] cm init: all clusters initialized
[2025-02-21 07:31:52.983][1][warning][main] [source/server/server.cc:814] there is no configured limit to the number of allowed active connections. Set a limit via the runtime key overload.global_downstream_max_connections
[2025-02-21 07:31:52.983][1][info][main] [source/server/server.cc:918] all clusters initialized. initializing init manager
[2025-02-21 07:31:52.983][1][debug][init] [source/common/init/manager_impl.cc:53] init manager Server initializing
[2025-02-21 07:31:52.983][1][debug][init] [source/common/init/target_impl.cc:15] init manager Server initializing target Listener-init-target http_listener
[2025-02-21 07:31:52.983][1][debug][init] [source/common/init/manager_impl.cc:49] init manager Listener-local-init-manager http_listener 10405392430453387101 contains no targets
[2025-02-21 07:31:52.983][1][debug][init] [source/common/init/watcher_impl.cc:14] init manager Listener-local-init-manager http_listener 10405392430453387101 initialized, notifying Listener-local-init-watcher http_listener
[2025-02-21 07:31:52.983][1][debug][init] [source/common/init/watcher_impl.cc:14] target Listener-init-target http_listener initialized, notifying init manager Server
[2025-02-21 07:31:52.983][1][debug][init] [source/common/init/watcher_impl.cc:14] init manager Server initialized, notifying RunHelper
[2025-02-21 07:31:52.983][1][info][config] [source/extensions/listener_managers/listener_manager/listener_manager_impl.cc:858] all dependencies initialized. starting workers
[2025-02-21 07:31:52.983][1][debug][config] [source/extensions/listener_managers/listener_manager/listener_manager_impl.cc:895] starting worker 0
[2025-02-21 07:31:52.983][1][debug][config] [source/extensions/listener_managers/listener_manager/listener_manager_impl.cc:895] starting worker 1
[2025-02-21 07:31:52.983][15][debug][main] [source/server/worker_impl.cc:140] worker entering dispatch loop
[2025-02-21 07:31:52.983][17][debug][grpc] [source/common/grpc/google_async_client_impl.cc:54] completionThread running
[2025-02-21 07:31:52.983][15][debug][upstream] [source/common/upstream/cluster_manager_impl.cc:1130] adding TLS cluster backend_cluster
[2025-02-21 07:31:52.983][15][debug][upstream] [source/common/upstream/cluster_manager_impl.cc:1221] membership update for TLS cluster backend_cluster added 1 removed 0
[2025-02-21 07:31:52.983][16][debug][main] [source/server/worker_impl.cc:140] worker entering dispatch loop
[2025-02-21 07:31:52.984][16][debug][upstream] [source/common/upstream/cluster_manager_impl.cc:1130] adding TLS cluster backend_cluster
[2025-02-21 07:31:52.984][16][debug][upstream] [source/common/upstream/cluster_manager_impl.cc:1221] membership update for TLS cluster backend_cluster added 1 removed 0
[2025-02-21 07:31:52.984][18][debug][grpc] [source/common/grpc/google_async_client_impl.cc:54] completionThread running
[2025-02-21 07:31:52.986][15][debug][lua] [./source/extensions/filters/common/lua/lua.h:182] registering new type: N5Envoy10Extensions7Filters6Common3Lua13BufferWrapperE
[2025-02-21 07:31:52.986][15][debug][lua] [./source/extensions/filters/common/lua/lua.h:182] registering new type: N5Envoy10Extensions7Filters6Common3Lua18MetadataMapWrapperE
[2025-02-21 07:31:52.986][15][debug][lua] [./source/extensions/filters/common/lua/lua.h:182] registering new type: N5Envoy10Extensions7Filters6Common3Lua19MetadataMapIteratorE
[2025-02-21 07:31:52.986][15][debug][lua] [./source/extensions/filters/common/lua/lua.h:182] registering new type: N5Envoy10Extensions7Filters6Common3Lua17ConnectionWrapperE
[2025-02-21 07:31:52.986][15][debug][lua] [./source/extensions/filters/common/lua/lua.h:182] registering new type: N5Envoy10Extensions7Filters6Common3Lua20SslConnectionWrapperE
[2025-02-21 07:31:52.986][15][debug][lua] [./source/extensions/filters/common/lua/lua.h:182] registering new type: N5Envoy10Extensions11HttpFilters3Lua16HeaderMapWrapperE
[2025-02-21 07:31:52.986][15][debug][lua] [./source/extensions/filters/common/lua/lua.h:182] registering new type: N5Envoy10Extensions11HttpFilters3Lua17HeaderMapIteratorE
[2025-02-21 07:31:52.986][15][debug][lua] [./source/extensions/filters/common/lua/lua.h:182] registering new type: N5Envoy10Extensions11HttpFilters3Lua17StreamInfoWrapperE
[2025-02-21 07:31:52.986][15][debug][lua] [./source/extensions/filters/common/lua/lua.h:182] registering new type: N5Envoy10Extensions11HttpFilters3Lua25DynamicMetadataMapWrapperE
[2025-02-21 07:31:52.986][15][debug][lua] [./source/extensions/filters/common/lua/lua.h:182] registering new type: N5Envoy10Extensions11HttpFilters3Lua26DynamicMetadataMapIteratorE
[2025-02-21 07:31:52.986][15][debug][lua] [./source/extensions/filters/common/lua/lua.h:182] registering new type: N5Envoy10Extensions11HttpFilters3Lua19StreamHandleWrapperE
[2025-02-21 07:31:52.986][15][debug][lua] [./source/extensions/filters/common/lua/lua.h:182] registering new type: N5Envoy10Extensions11HttpFilters3Lua16PublicKeyWrapperE
[2025-02-21 07:31:52.986][16][debug][lua] [./source/extensions/filters/common/lua/lua.h:182] registering new type: N5Envoy10Extensions7Filters6Common3Lua13BufferWrapperE
[2025-02-21 07:31:52.986][16][debug][lua] [./source/extensions/filters/common/lua/lua.h:182] registering new type: N5Envoy10Extensions7Filters6Common3Lua18MetadataMapWrapperE
[2025-02-21 07:31:52.986][16][debug][lua] [./source/extensions/filters/common/lua/lua.h:182] registering new type: N5Envoy10Extensions7Filters6Common3Lua19MetadataMapIteratorE
[2025-02-21 07:31:52.986][16][debug][lua] [./source/extensions/filters/common/lua/lua.h:182] registering new type: N5Envoy10Extensions7Filters6Common3Lua17ConnectionWrapperE
[2025-02-21 07:31:52.986][16][debug][lua] [./source/extensions/filters/common/lua/lua.h:182] registering new type: N5Envoy10Extensions7Filters6Common3Lua20SslConnectionWrapperE
[2025-02-21 07:31:52.986][16][debug][lua] [./source/extensions/filters/common/lua/lua.h:182] registering new type: N5Envoy10Extensions11HttpFilters3Lua16HeaderMapWrapperE
[2025-02-21 07:31:52.986][16][debug][lua] [./source/extensions/filters/common/lua/lua.h:182] registering new type: N5Envoy10Extensions11HttpFilters3Lua17HeaderMapIteratorE
[2025-02-21 07:31:52.986][16][debug][lua] [./source/extensions/filters/common/lua/lua.h:182] registering new type: N5Envoy10Extensions11HttpFilters3Lua17StreamInfoWrapperE
[2025-02-21 07:31:52.986][16][debug][lua] [./source/extensions/filters/common/lua/lua.h:182] registering new type: N5Envoy10Extensions11HttpFilters3Lua25DynamicMetadataMapWrapperE
[2025-02-21 07:31:52.986][16][debug][lua] [./source/extensions/filters/common/lua/lua.h:182] registering new type: N5Envoy10Extensions11HttpFilters3Lua26DynamicMetadataMapIteratorE
[2025-02-21 07:31:52.986][16][debug][lua] [./source/extensions/filters/common/lua/lua.h:182] registering new type: N5Envoy10Extensions11HttpFilters3Lua19StreamHandleWrapperE
[2025-02-21 07:31:52.986][16][debug][lua] [./source/extensions/filters/common/lua/lua.h:182] registering new type: N5Envoy10Extensions11HttpFilters3Lua16PublicKeyWrapperE
[2025-02-21 07:31:52.987][15][debug][lua] [./source/extensions/filters/common/lua/lua.h:182] registering new type: N5Envoy10Extensions7Filters6Common3Lua13BufferWrapperE
[2025-02-21 07:31:52.987][15][debug][lua] [./source/extensions/filters/common/lua/lua.h:182] registering new type: N5Envoy10Extensions7Filters6Common3Lua18MetadataMapWrapperE
[2025-02-21 07:31:52.987][15][debug][lua] [./source/extensions/filters/common/lua/lua.h:182] registering new type: N5Envoy10Extensions7Filters6Common3Lua19MetadataMapIteratorE
[2025-02-21 07:31:52.987][15][debug][lua] [./source/extensions/filters/common/lua/lua.h:182] registering new type: N5Envoy10Extensions7Filters6Common3Lua17ConnectionWrapperE
[2025-02-21 07:31:52.987][15][debug][lua] [./source/extensions/filters/common/lua/lua.h:182] registering new type: N5Envoy10Extensions7Filters6Common3Lua20SslConnectionWrapperE
[2025-02-21 07:31:52.987][15][debug][lua] [./source/extensions/filters/common/lua/lua.h:182] registering new type: N5Envoy10Extensions11HttpFilters3Lua16HeaderMapWrapperE
[2025-02-21 07:31:52.987][15][debug][lua] [./source/extensions/filters/common/lua/lua.h:182] registering new type: N5Envoy10Extensions11HttpFilters3Lua17HeaderMapIteratorE
[2025-02-21 07:31:52.987][15][debug][lua] [./source/extensions/filters/common/lua/lua.h:182] registering new type: N5Envoy10Extensions11HttpFilters3Lua17StreamInfoWrapperE
[2025-02-21 07:31:52.987][15][debug][lua] [./source/extensions/filters/common/lua/lua.h:182] registering new type: N5Envoy10Extensions11HttpFilters3Lua25DynamicMetadataMapWrapperE
[2025-02-21 07:31:52.987][15][debug][lua] [./source/extensions/filters/common/lua/lua.h:182] registering new type: N5Envoy10Extensions11HttpFilters3Lua26DynamicMetadataMapIteratorE
[2025-02-21 07:31:52.987][15][debug][lua] [./source/extensions/filters/common/lua/lua.h:182] registering new type: N5Envoy10Extensions11HttpFilters3Lua19StreamHandleWrapperE
[2025-02-21 07:31:52.987][15][debug][lua] [./source/extensions/filters/common/lua/lua.h:182] registering new type: N5Envoy10Extensions11HttpFilters3Lua16PublicKeyWrapperE
[2025-02-21 07:31:52.988][16][debug][lua] [./source/extensions/filters/common/lua/lua.h:182] registering new type: N5Envoy10Extensions7Filters6Common3Lua13BufferWrapperE
[2025-02-21 07:31:52.988][16][debug][lua] [./source/extensions/filters/common/lua/lua.h:182] registering new type: N5Envoy10Extensions7Filters6Common3Lua18MetadataMapWrapperE
[2025-02-21 07:31:52.988][16][debug][lua] [./source/extensions/filters/common/lua/lua.h:182] registering new type: N5Envoy10Extensions7Filters6Common3Lua19MetadataMapIteratorE
[2025-02-21 07:31:52.988][16][debug][lua] [./source/extensions/filters/common/lua/lua.h:182] registering new type: N5Envoy10Extensions7Filters6Common3Lua17ConnectionWrapperE
[2025-02-21 07:31:52.988][16][debug][lua] [./source/extensions/filters/common/lua/lua.h:182] registering new type: N5Envoy10Extensions7Filters6Common3Lua20SslConnectionWrapperE
[2025-02-21 07:31:52.988][16][debug][lua] [./source/extensions/filters/common/lua/lua.h:182] registering new type: N5Envoy10Extensions11HttpFilters3Lua16HeaderMapWrapperE
[2025-02-21 07:31:52.988][16][debug][lua] [./source/extensions/filters/common/lua/lua.h:182] registering new type: N5Envoy10Extensions11HttpFilters3Lua17HeaderMapIteratorE
[2025-02-21 07:31:52.988][16][debug][lua] [./source/extensions/filters/common/lua/lua.h:182] registering new type: N5Envoy10Extensions11HttpFilters3Lua17StreamInfoWrapperE
[2025-02-21 07:31:52.988][16][debug][lua] [./source/extensions/filters/common/lua/lua.h:182] registering new type: N5Envoy10Extensions11HttpFilters3Lua25DynamicMetadataMapWrapperE
[2025-02-21 07:31:52.988][16][debug][lua] [./source/extensions/filters/common/lua/lua.h:182] registering new type: N5Envoy10Extensions11HttpFilters3Lua26DynamicMetadataMapIteratorE
[2025-02-21 07:31:52.988][16][debug][lua] [./source/extensions/filters/common/lua/lua.h:182] registering new type: N5Envoy10Extensions11HttpFilters3Lua19StreamHandleWrapperE
[2025-02-21 07:31:52.988][16][debug][lua] [./source/extensions/filters/common/lua/lua.h:182] registering new type: N5Envoy10Extensions11HttpFilters3Lua16PublicKeyWrapperE
[2025-02-21 07:31:52.988][1][info][main] [source/server/server.cc:937] starting main dispatch loop
[2025-02-21 07:31:56.104][15][debug][conn_handler] [source/extensions/listener_managers/listener_manager/active_tcp_listener.cc:157] [Tags: "ConnectionId":"0"] new connection from 172.19.0.1:43262
[2025-02-21 07:31:56.104][15][debug][http] [source/common/http/conn_manager_impl.cc:355] [Tags: "ConnectionId":"0"] new stream
[2025-02-21 07:31:56.105][15][debug][http] [source/common/http/conn_manager_impl.cc:1089] [Tags: "ConnectionId":"0","StreamId":"15175977883998825252"] request headers complete (end_stream=true):
':authority', 'example.com'
':path', '/'
':method', 'GET'
'user-agent', 'curl/7.81.0'
'accept', '*/*'

[2025-02-21 07:31:56.105][15][debug][http] [source/common/http/conn_manager_impl.cc:1072] [Tags: "ConnectionId":"0","StreamId":"15175977883998825252"] request end stream
[2025-02-21 07:31:56.105][15][debug][connection] [./source/common/network/connection_impl.h:98] [C0] current connecting state: false
[2025-02-21 07:31:56.105][15][debug][router] [source/common/router/router.cc:478] [Tags: "ConnectionId":"0","StreamId":"15175977883998825252"] cluster 'backend_cluster' match for URL '/'
[2025-02-21 07:31:56.105][15][debug][router] [source/common/router/router.cc:690] [Tags: "ConnectionId":"0","StreamId":"15175977883998825252"] router decoding headers:
':authority', 'example.com'
':path', '/'
':method', 'GET'
':scheme', 'http'
'user-agent', 'curl/7.81.0'
'accept', '*/*'
'x-forwarded-proto', 'http'
'x-request-id', 'e1754e8b-5f52-46aa-abef-257dfb74cde8'
'x-envoy-expected-rq-timeout-ms', '15000'

[2025-02-21 07:31:56.105][15][debug][pool] [source/common/http/conn_pool_base.cc:78] queueing stream due to no available connections (ready=0 busy=0 connecting=0)
[2025-02-21 07:31:56.105][15][debug][pool] [source/common/conn_pool/conn_pool_base.cc:291] trying to create new connection
[2025-02-21 07:31:56.105][15][debug][pool] [source/common/conn_pool/conn_pool_base.cc:145] creating a new connection (connecting=0)
[2025-02-21 07:31:56.105][15][debug][connection] [./source/common/network/connection_impl.h:98] [C1] current connecting state: true
[2025-02-21 07:31:56.105][15][debug][client] [source/common/http/codec_client.cc:57] [Tags: "ConnectionId":"1"] connecting
[2025-02-21 07:31:56.105][15][debug][connection] [source/common/network/connection_impl.cc:948] [C1] connecting to 192.168.229.128:8080
[2025-02-21 07:31:56.105][15][debug][connection] [source/common/network/connection_impl.cc:967] [C1] connection in progress
[2025-02-21 07:31:56.105][15][debug][connection] [source/common/network/connection_impl.cc:695] [C1] connected
[2025-02-21 07:31:56.106][15][debug][client] [source/common/http/codec_client.cc:88] [Tags: "ConnectionId":"1"] connected
[2025-02-21 07:31:56.106][15][debug][pool] [source/common/conn_pool/conn_pool_base.cc:328] [Tags: "ConnectionId":"1"] attaching to next stream
[2025-02-21 07:31:56.106][15][debug][pool] [source/common/conn_pool/conn_pool_base.cc:182] [Tags: "ConnectionId":"1"] creating stream
[2025-02-21 07:31:56.106][15][debug][router] [source/common/router/upstream_request.cc:562] [Tags: "ConnectionId":"0","StreamId":"15175977883998825252"] pool ready
[2025-02-21 07:31:56.106][15][debug][client] [source/common/http/codec_client.cc:141] [Tags: "ConnectionId":"1"] encode complete
[2025-02-21 07:31:56.108][15][debug][router] [source/common/router/router.cc:1437] [Tags: "ConnectionId":"0","StreamId":"15175977883998825252"] upstream headers complete: end_stream=false
[2025-02-21 07:31:56.108][15][debug][http] [source/common/http/conn_manager_impl.cc:1729] [Tags: "ConnectionId":"0","StreamId":"15175977883998825252"] encoding headers via codec (end_stream=false):
':status', '200'
'x-powered-by', 'Express'
'content-type', 'text/html; charset=utf-8'
'content-length', '23'
'etag', 'W/"17-jVx8/vytMn/eV7zwOjmAdZZ0HeY"'
'date', 'Fri, 21 Feb 2025 07:31:56 GMT'
'x-envoy-upstream-service-time', '2'
'server', 'envoy'

[2025-02-21 07:31:56.108][15][debug][client] [source/common/http/codec_client.cc:128] [Tags: "ConnectionId":"1"] response complete
[2025-02-21 07:31:56.108][15][debug][http] [source/common/http/conn_manager_impl.cc:1834] [Tags: "ConnectionId":"0","StreamId":"15175977883998825252"] Codec completed encoding stream.
[2025-02-21 07:31:56.108][15][debug][pool] [source/common/http/http1/conn_pool.cc:53] [Tags: "ConnectionId":"1"] response complete
[2025-02-21 07:31:56.108][15][debug][pool] [source/common/conn_pool/conn_pool_base.cc:215] [Tags: "ConnectionId":"1"] destroying stream: 0 remaining
[2025-02-21 07:31:56.109][15][debug][connection] [source/common/network/connection_impl.cc:663] [Tags: "ConnectionId":"0"] remote close
[2025-02-21 07:31:56.109][15][debug][connection] [source/common/network/connection_impl.cc:250] [Tags: "ConnectionId":"0"] closing socket: 0
[2025-02-21 07:31:56.109][15][debug][conn_handler] [source/extensions/listener_managers/listener_manager/active_stream_listener_base.cc:121] [Tags: "ConnectionId":"0"] adding to cleanup list
[2025-02-21 07:31:57.485][15][debug][conn_handler] [source/extensions/listener_managers/listener_manager/active_tcp_listener.cc:157] [Tags: "ConnectionId":"2"] new connection from 172.19.0.1:43274
[2025-02-21 07:31:57.485][15][debug][http] [source/common/http/conn_manager_impl.cc:355] [Tags: "ConnectionId":"2"] new stream
[2025-02-21 07:31:57.485][15][debug][http] [source/common/http/conn_manager_impl.cc:1089] [Tags: "ConnectionId":"2","StreamId":"222745183809979447"] request headers complete (end_stream=true):
':authority', 'example.com'
':path', '/'
':method', 'GET'
'user-agent', 'curl/7.81.0'
'accept', '*/*'

[2025-02-21 07:31:57.485][15][debug][http] [source/common/http/conn_manager_impl.cc:1072] [Tags: "ConnectionId":"2","StreamId":"222745183809979447"] request end stream
[2025-02-21 07:31:57.485][15][debug][connection] [./source/common/network/connection_impl.h:98] [C2] current connecting state: false
[2025-02-21 07:31:57.485][15][debug][router] [source/common/router/router.cc:478] [Tags: "ConnectionId":"2","StreamId":"222745183809979447"] cluster 'backend_cluster' match for URL '/'
[2025-02-21 07:31:57.485][15][debug][router] [source/common/router/router.cc:690] [Tags: "ConnectionId":"2","StreamId":"222745183809979447"] router decoding headers:
':authority', 'example.com'
':path', '/'
':method', 'GET'
':scheme', 'http'
'user-agent', 'curl/7.81.0'
'accept', '*/*'
'x-forwarded-proto', 'http'
'x-request-id', 'bef1915e-2c7a-4123-8db8-db4452defb2b'
'x-envoy-expected-rq-timeout-ms', '15000'

[2025-02-21 07:31:57.485][15][debug][pool] [source/common/conn_pool/conn_pool_base.cc:265] [Tags: "ConnectionId":"1"] using existing fully connected connection
[2025-02-21 07:31:57.485][15][debug][pool] [source/common/conn_pool/conn_pool_base.cc:182] [Tags: "ConnectionId":"1"] creating stream
[2025-02-21 07:31:57.485][15][debug][router] [source/common/router/upstream_request.cc:562] [Tags: "ConnectionId":"2","StreamId":"222745183809979447"] pool ready
[2025-02-21 07:31:57.485][15][debug][client] [source/common/http/codec_client.cc:141] [Tags: "ConnectionId":"1"] encode complete
[2025-02-21 07:31:57.489][15][debug][router] [source/common/router/router.cc:1437] [Tags: "ConnectionId":"2","StreamId":"222745183809979447"] upstream headers complete: end_stream=false
[2025-02-21 07:31:57.489][15][debug][http] [source/common/http/conn_manager_impl.cc:1729] [Tags: "ConnectionId":"2","StreamId":"222745183809979447"] encoding headers via codec (end_stream=false):
':status', '200'
'x-powered-by', 'Express'
'content-type', 'text/html; charset=utf-8'
'content-length', '23'
'etag', 'W/"17-jVx8/vytMn/eV7zwOjmAdZZ0HeY"'
'date', 'Fri, 21 Feb 2025 07:31:57 GMT'
'x-envoy-upstream-service-time', '4'
'server', 'envoy'

[2025-02-21 07:31:57.489][15][debug][client] [source/common/http/codec_client.cc:128] [Tags: "ConnectionId":"1"] response complete
[2025-02-21 07:31:57.489][15][debug][http] [source/common/http/conn_manager_impl.cc:1834] [Tags: "ConnectionId":"2","StreamId":"222745183809979447"] Codec completed encoding stream.
[2025-02-21 07:31:57.489][15][debug][pool] [source/common/http/http1/conn_pool.cc:53] [Tags: "ConnectionId":"1"] response complete
[2025-02-21 07:31:57.489][15][debug][pool] [source/common/conn_pool/conn_pool_base.cc:215] [Tags: "ConnectionId":"1"] destroying stream: 0 remaining
[2025-02-21 07:31:57.490][15][debug][connection] [source/common/network/connection_impl.cc:663] [Tags: "ConnectionId":"2"] remote close
[2025-02-21 07:31:57.490][15][debug][connection] [source/common/network/connection_impl.cc:250] [Tags: "ConnectionId":"2"] closing socket: 0
[2025-02-21 07:31:57.490][15][debug][conn_handler] [source/extensions/listener_managers/listener_manager/active_stream_listener_base.cc:121] [Tags: "ConnectionId":"2"] adding to cleanup list
[2025-02-21 07:31:57.984][1][debug][main] [source/server/server.cc:263] flushing stats
[2025-02-21 07:32:02.491][15][debug][connection] [source/common/network/connection_impl.cc:663] [Tags: "ConnectionId":"1"] remote close
[2025-02-21 07:32:02.491][15][debug][connection] [source/common/network/connection_impl.cc:250] [Tags: "ConnectionId":"1"] closing socket: 0
[2025-02-21 07:32:02.491][15][debug][client] [source/common/http/codec_client.cc:107] [Tags: "ConnectionId":"1"] disconnect. resetting 0 pending requests
[2025-02-21 07:32:02.491][15][debug][pool] [source/common/conn_pool/conn_pool_base.cc:484] [Tags: "ConnectionId":"1"] client disconnected, failure reason: 
[2025-02-21 07:32:02.491][15][debug][pool] [source/common/conn_pool/conn_pool_base.cc:454] invoking idle callbacks - is_draining_for_deletion_=false
[2025-02-21 07:32:02.985][1][debug][main] [source/server/server.cc:263] flushing stats
[2025-02-21 07:32:09.800][1][debug][main] [source/server/server.cc:263] flushing stats
[2025-02-21 07:32:14.801][1][debug][main] [source/server/server.cc:263] flushing stats
[2025-02-21 07:32:19.801][1][debug][main] [source/server/server.cc:263] flushing stats
[2025-02-21 07:32:24.801][1][debug][main] [source/server/server.cc:263] flushing stats
[2025-02-21 07:32:29.802][1][debug][main] [source/server/server.cc:263] flushing stats
[2025-02-21 07:32:34.803][1][debug][main] [source/server/server.cc:263] flushing stats
[2025-02-21 07:32:40.614][1][debug][main] [source/server/server.cc:263] flushing stats
[2025-02-21 07:32:45.616][1][debug][main] [source/server/server.cc:263] flushing stats
[2025-02-21 07:32:50.617][1][debug][main] [source/server/server.cc:263] flushing stats
[2025-02-21 07:32:55.618][1][debug][main] [source/server/server.cc:263] flushing stats
[2025-02-21 07:33:00.619][1][debug][main] [source/server/server.cc:263] flushing stats
[2025-02-21 07:33:05.620][1][debug][main] [source/server/server.cc:263] flushing stats
[2025-02-21 07:33:10.622][1][debug][main] [source/server/server.cc:263] flushing stats
[2025-02-21 07:33:15.623][1][debug][main] [source/server/server.cc:263] flushing stats
[2025-02-21 07:33:20.624][1][debug][main] [source/server/server.cc:263] flushing stats
[2025-02-21 07:33:25.626][1][debug][main] [source/server/server.cc:263] flushing stats
[2025-02-21 07:33:31.913][1][debug][main] [source/server/server.cc:263] flushing stats
